<?xml version="1.0" encoding="utf-8"?><testsuites name="pytest tests"><testsuite name="pytest" errors="0" failures="0" skipped="0" tests="19" time="5.360" timestamp="2026-05-27T16:26:33.925299+00:00" hostname="agent-env-cead420b-e114-458b-92f8-f853d1ebc5fc"><testcase classname="backend.tests.test_iteration3" name="test_creator_updates_group_name_and_objetivo" time="2.516" /><testcase classname="backend.tests.test_iteration3" name="test_groups_me_returns_objetivo" time="0.108" /><testcase classname="backend.tests.test_iteration3" name="test_admin_total_updates_group" time="0.125" /><testcase classname="backend.tests.test_iteration3" name="test_admin_menor_cannot_update_group" time="0.138" /><testcase classname="backend.tests.test_iteration3" name="test_member_cannot_update_group" time="0.105" /><testcase classname="backend.tests.test_iteration3" name="test_create_product_with_categoria" time="0.143" /><testcase classname="backend.tests.test_iteration3" name="test_create_product_default_categoria" time="0.132" /><testcase classname="backend.tests.test_iteration3" name="test_admin_total_updates_product" time="0.112" /><testcase classname="backend.tests.test_iteration3" name="test_creator_updates_product" time="0.132" /><testcase classname="backend.tests.test_iteration3" name="test_admin_menor_cannot_update_product" time="0.104" /><testcase classname="backend.tests.test_iteration3" name="test_member_cannot_update_product" time="0.108" /><testcase classname="backend.tests.test_iteration3" name="test_admin_menor_cannot_delete_product" time="0.105" /><testcase classname="backend.tests.test_iteration3" name="test_member_cannot_delete_product" time="0.119" /><testcase classname="backend.tests.test_iteration3" name="test_admin_total_can_delete_product" time="0.255" /><testcase classname="backend.tests.test_iteration3" name="test_creator_can_delete_product" time="0.113" /><testcase classname="backend.tests.test_iteration3" name="test_dashboard_new_fields_present" time="0.624" /><testcase classname="backend.tests.test_iteration3" name="test_dashboard_vendor_filter" time="0.106" /><testcase classname="backend.tests.test_iteration3" name="test_export_sales_csv" time="0.134" /><testcase classname="backend.tests.test_iteration3" name="test_cleanup_delete_group" time="0.116" /></testsuite></testsuites>