<?xml version="1.0" encoding="utf-8"?><testsuites name="pytest tests"><testsuite name="pytest" errors="0" failures="0" skipped="0" tests="27" time="6.982" timestamp="2026-05-27T15:56:32.021527+00:00" hostname="agent-env-cead420b-e114-458b-92f8-f853d1ebc5fc"><testcase classname="backend.tests.test_iteration2" name="test_creator_role_assigned_on_create" time="1.681" /><testcase classname="backend.tests.test_iteration2" name="test_member_role_assigned_on_join" time="0.114" /><testcase classname="backend.tests.test_iteration2" name="test_create_products_batch" time="0.132" /><testcase classname="backend.tests.test_iteration2" name="test_create_product_single_cantidad_one" time="0.112" /><testcase classname="backend.tests.test_iteration2" name="test_sell_with_vendedor_id" time="0.122" /><testcase classname="backend.tests.test_iteration2" name="test_sell_without_vendedor_defaults_to_actor" time="0.126" /><testcase classname="backend.tests.test_iteration2" name="test_sell_invalid_vendedor" time="0.120" /><testcase classname="backend.tests.test_iteration2" name="test_sales_stats_aggregation" time="0.227" /><testcase classname="backend.tests.test_iteration2" name="test_member_cannot_change_role" time="0.118" /><testcase classname="backend.tests.test_iteration2" name="test_creator_promotes_b_to_admin_total" time="0.108" /><testcase classname="backend.tests.test_iteration2" name="test_creator_promotes_c_to_admin_menor" time="0.139" /><testcase classname="backend.tests.test_iteration2" name="test_admin_total_cannot_promote_to_creator" time="0.117" /><testcase classname="backend.tests.test_iteration2" name="test_admin_total_can_change_member_roles" time="0.263" /><testcase classname="backend.tests.test_iteration2" name="test_cannot_change_own_role" time="0.125" /><testcase classname="backend.tests.test_iteration2" name="test_admin_total_cannot_change_creator_role" time="0.115" /><testcase classname="backend.tests.test_iteration2" name="test_invalid_role_value" time="0.192" /><testcase classname="backend.tests.test_iteration2" name="test_create_incidencia_for_perms" time="0.391" /><testcase classname="backend.tests.test_iteration2" name="test_admin_menor_can_edit_incidencia" time="0.119" /><testcase classname="backend.tests.test_iteration2" name="test_member_cannot_edit_incidencia" time="0.552" /><testcase classname="backend.tests.test_iteration2" name="test_member_cannot_delete_incidencia" time="0.156" /><testcase classname="backend.tests.test_iteration2" name="test_admin_total_can_delete_incidencia" time="0.499" /><testcase classname="backend.tests.test_iteration2" name="test_member_cannot_remove_others" time="0.109" /><testcase classname="backend.tests.test_iteration2" name="test_cannot_remove_self" time="0.131" /><testcase classname="backend.tests.test_iteration2" name="test_admin_total_cannot_remove_creator" time="0.111" /><testcase classname="backend.tests.test_iteration2" name="test_admin_total_removes_member" time="0.246" /><testcase classname="backend.tests.test_iteration2" name="test_admin_total_cannot_delete_group" time="0.104" /><testcase classname="backend.tests.test_iteration2" name="test_creator_deletes_group_cascades" time="0.687" /></testsuite></testsuites>