<?xml version="1.0" encoding="utf-8"?><testsuites name="pytest tests"><testsuite name="pytest" errors="0" failures="0" skipped="0" tests="26" time="7.014" timestamp="2026-05-27T15:34:18.551946+00:00" hostname="agent-env-cead420b-e114-458b-92f8-f853d1ebc5fc"><testcase classname="backend.tests.test_backend" name="test_health" time="0.230" /><testcase classname="backend.tests.test_backend" name="test_register_user_a" time="0.396" /><testcase classname="backend.tests.test_backend" name="test_register_duplicate_email" time="0.119" /><testcase classname="backend.tests.test_backend" name="test_login_user_a" time="0.381" /><testcase classname="backend.tests.test_backend" name="test_login_invalid" time="0.329" /><testcase classname="backend.tests.test_backend" name="test_auth_me" time="0.149" /><testcase classname="backend.tests.test_backend" name="test_auth_me_unauth" time="0.129" /><testcase classname="backend.tests.test_backend" name="test_create_group" time="0.124" /><testcase classname="backend.tests.test_backend" name="test_groups_me" time="0.111" /><testcase classname="backend.tests.test_backend" name="test_create_group_already_in" time="0.159" /><testcase classname="backend.tests.test_backend" name="test_join_group_user_b" time="0.464" /><testcase classname="backend.tests.test_backend" name="test_join_group_invalid" time="0.474" /><testcase classname="backend.tests.test_backend" name="test_file_upload" time="0.341" /><testcase classname="backend.tests.test_backend" name="test_file_get" time="0.251" /><testcase classname="backend.tests.test_backend" name="test_create_product" time="0.133" /><testcase classname="backend.tests.test_backend" name="test_list_products_inventario" time="0.151" /><testcase classname="backend.tests.test_backend" name="test_sell_product" time="0.108" /><testcase classname="backend.tests.test_backend" name="test_sales_list" time="0.141" /><testcase classname="backend.tests.test_backend" name="test_sell_again_fails" time="1.380" /><testcase classname="backend.tests.test_backend" name="test_incidencia_create" time="0.435" /><testcase classname="backend.tests.test_backend" name="test_incidents_list" time="0.121" /><testcase classname="backend.tests.test_backend" name="test_dashboard_filters[day-7]" time="0.204" /><testcase classname="backend.tests.test_backend" name="test_dashboard_filters[week-8]" time="0.116" /><testcase classname="backend.tests.test_backend" name="test_dashboard_filters[month-12]" time="0.114" /><testcase classname="backend.tests.test_backend" name="test_dashboard_filters[year-5]" time="0.110" /><testcase classname="backend.tests.test_backend" name="test_logout" time="0.256" /></testsuite></testsuites>